lib/auth.ts(81,3): error TS2322: Type 'import("/workspace/dfp-neo-platform/node_modules/@auth/prisma-adapter/node_modules/@auth/core/adapters").Adapter' is not assignable to type 'import("/workspace/dfp-neo-platform/node_modules/@auth/core/adapters").Adapter'.
  Types of property 'createUser' are incompatible.
    Type '((user: import("/workspace/dfp-neo-platform/node_modules/@auth/prisma-adapter/node_modules/@auth/core/adapters").AdapterUser) => import("/workspace/dfp-neo-platform/node_modules/@auth/prisma-adapter/node_modules/@auth/core/types").Awaitable<import("/workspace/dfp-neo-platform/node_modules/@auth/prisma-adapter/node_m...' is not assignable to type '((user: import("/workspace/dfp-neo-platform/node_modules/@auth/core/adapters").AdapterUser) => import("/workspace/dfp-neo-platform/node_modules/@auth/core/types").Awaitable<import("/workspace/dfp-neo-platform/node_modules/@auth/core/adapters").AdapterUser>) | undefined'.
      Type '(user: import("/workspace/dfp-neo-platform/node_modules/@auth/prisma-adapter/node_modules/@auth/core/adapters").AdapterUser) => import("/workspace/dfp-neo-platform/node_modules/@auth/prisma-adapter/node_modules/@auth/core/types").Awaitable<import("/workspace/dfp-neo-platform/node_modules/@auth/prisma-adapter/node_mo...' is not assignable to type '(user: import("/workspace/dfp-neo-platform/node_modules/@auth/core/adapters").AdapterUser) => import("/workspace/dfp-neo-platform/node_modules/@auth/core/types").Awaitable<import("/workspace/dfp-neo-platform/node_modules/@auth/core/adapters").AdapterUser>'.
        Type 'import("/workspace/dfp-neo-platform/node_modules/@auth/prisma-adapter/node_modules/@auth/core/types").Awaitable<import("/workspace/dfp-neo-platform/node_modules/@auth/prisma-adapter/node_modules/@auth/core/adapters").AdapterUser>' is not assignable to type 'import("/workspace/dfp-neo-platform/node_modules/@auth/core/types").Awaitable<import("/workspace/dfp-neo-platform/node_modules/@auth/core/adapters").AdapterUser>'.
          Type 'AdapterUser' is not assignable to type 'Awaitable<AdapterUser>'.
            Type 'AdapterUser' is missing the following properties from type 'AdapterUser': userId, displayName, status, permissionsRole, mustChangePassword
lib/auth.ts(106,20): error TS7052: Element implicitly has an 'any' type because type 'Headers' has no index signature. Did you mean to call 'req.headers.get'?
lib/auth.ts(106,56): error TS7052: Element implicitly has an 'any' type because type 'Headers' has no index signature. Did you mean to call 'req.headers.get'?
lib/auth.ts(122,24): error TS7052: Element implicitly has an 'any' type because type 'Headers' has no index signature. Did you mean to call 'req.headers.get'?
lib/auth.ts(151,26): error TS7052: Element implicitly has an 'any' type because type 'Headers' has no index signature. Did you mean to call 'req.headers.get'?
lib/auth.ts(168,26): error TS7052: Element implicitly has an 'any' type because type 'Headers' has no index signature. Did you mean to call 'req.headers.get'?
lib/auth.ts(184,26): error TS7052: Element implicitly has an 'any' type because type 'Headers' has no index signature. Did you mean to call 'req.headers.get'?
lib/auth.ts(201,26): error TS7052: Element implicitly has an 'any' type because type 'Headers' has no index signature. Did you mean to call 'req.headers.get'?
lib/auth.ts(224,24): error TS7052: Element implicitly has an 'any' type because type 'Headers' has no index signature. Did you mean to call 'req.headers.get'?
lib/auth.ts(267,9): error TS2322: Type 'string | null' is not assignable to type 'string'.
  Type 'null' is not assignable to type 'string'.
lib/auth.ts(276,21): error TS2339: Property 'token' does not exist on type '{ session: void | AdapterSession | null | undefined; } | { token: JWT | null; }'.
lib/auth/auth.ts(11,3): error TS2322: Type 'import("/workspace/dfp-neo-platform/node_modules/@auth/prisma-adapter/node_modules/@auth/core/adapters").Adapter' is not assignable to type 'import("/workspace/dfp-neo-platform/node_modules/@auth/core/adapters").Adapter'.
  Types of property 'createUser' are incompatible.
    Type '((user: import("/workspace/dfp-neo-platform/node_modules/@auth/prisma-adapter/node_modules/@auth/core/adapters").AdapterUser) => import("/workspace/dfp-neo-platform/node_modules/@auth/prisma-adapter/node_modules/@auth/core/types").Awaitable<import("/workspace/dfp-neo-platform/node_modules/@auth/prisma-adapter/node_m...' is not assignable to type '((user: import("/workspace/dfp-neo-platform/node_modules/@auth/core/adapters").AdapterUser) => import("/workspace/dfp-neo-platform/node_modules/@auth/core/types").Awaitable<import("/workspace/dfp-neo-platform/node_modules/@auth/core/adapters").AdapterUser>) | undefined'.
      Type '(user: import("/workspace/dfp-neo-platform/node_modules/@auth/prisma-adapter/node_modules/@auth/core/adapters").AdapterUser) => import("/workspace/dfp-neo-platform/node_modules/@auth/prisma-adapter/node_modules/@auth/core/types").Awaitable<import("/workspace/dfp-neo-platform/node_modules/@auth/prisma-adapter/node_mo...' is not assignable to type '(user: import("/workspace/dfp-neo-platform/node_modules/@auth/core/adapters").AdapterUser) => import("/workspace/dfp-neo-platform/node_modules/@auth/core/types").Awaitable<import("/workspace/dfp-neo-platform/node_modules/@auth/core/adapters").AdapterUser>'.
        Type 'import("/workspace/dfp-neo-platform/node_modules/@auth/prisma-adapter/node_modules/@auth/core/types").Awaitable<import("/workspace/dfp-neo-platform/node_modules/@auth/prisma-adapter/node_modules/@auth/core/adapters").AdapterUser>' is not assignable to type 'import("/workspace/dfp-neo-platform/node_modules/@auth/core/types").Awaitable<import("/workspace/dfp-neo-platform/node_modules/@auth/core/adapters").AdapterUser>'.
          Type 'AdapterUser' is not assignable to type 'Awaitable<AdapterUser>'.
            Type 'AdapterUser' is missing the following properties from type 'AdapterUser': userId, displayName, status, permissionsRole, mustChangePassword
scripts/add-user.ts(34,7): error TS2322: Type '{ password: string; isActive: true; username: string; email: string; role: "SUPER_ADMIN" | "ADMIN" | "PILOT" | "INSTRUCTOR" | "USER"; firstName: string; lastName: string; }' is not assignable to type '(Without<UserCreateInput, UserUncheckedCreateInput> & UserUncheckedCreateInput) | (Without<...> & UserCreateInput)'.
  Type '{ password: string; isActive: true; username: string; email: string; role: "SUPER_ADMIN" | "ADMIN" | "PILOT" | "INSTRUCTOR" | "USER"; firstName: string; lastName: string; }' is not assignable to type 'Without<UserUncheckedCreateInput, UserCreateInput> & UserCreateInput'.
    Type '{ password: string; isActive: true; username: string; email: string; role: "SUPER_ADMIN" | "ADMIN" | "PILOT" | "INSTRUCTOR" | "USER"; firstName: string; lastName: string; }' is missing the following properties from type 'UserCreateInput': userId, permissionsRole
scripts/add-users-from-json.ts(57,9): error TS2322: Type '{ username: string; email: string; role: "SUPER_ADMIN" | "ADMIN" | "PILOT" | "INSTRUCTOR" | "USER"; firstName: string; lastName: string; password: string; isActive: true; }' is not assignable to type '(Without<UserCreateInput, UserUncheckedCreateInput> & UserUncheckedCreateInput) | (Without<...> & UserCreateInput)'.
  Type '{ username: string; email: string; role: "SUPER_ADMIN" | "ADMIN" | "PILOT" | "INSTRUCTOR" | "USER"; firstName: string; lastName: string; password: string; isActive: true; }' is not assignable to type 'Without<UserUncheckedCreateInput, UserCreateInput> & UserCreateInput'.
    Type '{ username: string; email: string; role: "SUPER_ADMIN" | "ADMIN" | "PILOT" | "INSTRUCTOR" | "USER"; firstName: string; lastName: string; password: string; isActive: true; }' is missing the following properties from type 'UserCreateInput': userId, permissionsRole
scripts/add-users-from-template.ts(84,9): error TS2322: Type '{ password: string; isActive: true; username: string; email: string; role: "SUPER_ADMIN" | "ADMIN" | "PILOT" | "INSTRUCTOR" | "USER"; firstName: string; lastName: string; notes?: string; }' is not assignable to type '(Without<UserCreateInput, UserUncheckedCreateInput> & UserUncheckedCreateInput) | (Without<...> & UserCreateInput)'.
  Type '{ password: string; isActive: true; username: string; email: string; role: "SUPER_ADMIN" | "ADMIN" | "PILOT" | "INSTRUCTOR" | "USER"; firstName: string; lastName: string; notes?: string; }' is not assignable to type 'Without<UserUncheckedCreateInput, UserCreateInput> & UserCreateInput'.
    Type '{ password: string; isActive: true; username: string; email: string; role: "SUPER_ADMIN" | "ADMIN" | "PILOT" | "INSTRUCTOR" | "USER"; firstName: string; lastName: string; notes?: string | undefined; }' is missing the following properties from type 'UserCreateInput': userId, permissionsRole
scripts/setup-production-users.ts(47,9): error TS2322: Type '{ password: string; isActive: true; username: string; email: string; role: "ADMIN"; firstName: string; lastName: string; } | { password: string; isActive: true; username: string; email: string; role: "PILOT"; firstName: string; lastName: string; } | { ...; }' is not assignable to type '(Without<UserCreateInput, UserUncheckedCreateInput> & UserUncheckedCreateInput) | (Without<...> & UserCreateInput)'.
  Type '{ password: string; isActive: true; username: string; email: string; role: "ADMIN"; firstName: string; lastName: string; }' is not assignable to type '(Without<UserCreateInput, UserUncheckedCreateInput> & UserUncheckedCreateInput) | (Without<...> & UserCreateInput)'.
    Type '{ password: string; isActive: true; username: string; email: string; role: "ADMIN"; firstName: string; lastName: string; }' is not assignable to type 'Without<UserUncheckedCreateInput, UserCreateInput> & UserCreateInput'.
      Type '{ password: string; isActive: true; username: string; email: string; role: "ADMIN"; firstName: string; lastName: string; }' is missing the following properties from type 'UserCreateInput': userId, permissionsRole
